<?xml version="1.0" encoding="UTF-8"?>
<coverage generated="1607421336742" clover="3.2.0">
  <project timestamp="1607421336743" name="All files">
    <metrics statements="22" coveredstatements="22" conditionals="14" coveredconditionals="14" methods="8" coveredmethods="8" elements="44" coveredelements="44" complexity="0" loc="22" ncloc="22" packages="2" files="3" classes="3"/>
    <package name="src">
      <metrics statements="1" coveredstatements="1" conditionals="0" coveredconditionals="0" methods="1" coveredmethods="1"/>
      <file name="App.jsx" path="C:\Users\Deepthi\Desktop\movie-rating-app\src\App.jsx">
        <metrics statements="1" coveredstatements="1" conditionals="0" coveredconditionals="0" methods="1" coveredmethods="1"/>
        <line num="7" count="1" type="stmt"/>
      </file>
    </package>
    <package name="src.components.InputFields">
      <metrics statements="21" coveredstatements="21" conditionals="14" coveredconditionals="14" methods="7" coveredmethods="7"/>
      <file name="InlineErrors.jsx" path="C:\Users\Deepthi\Desktop\movie-rating-app\src\components\InputFields\InlineErrors.jsx">
        <metrics statements="2" coveredstatements="2" conditionals="0" coveredconditionals="0" methods="1" coveredmethods="1"/>
        <line num="3" count="2" type="stmt"/>
        <line num="4" count="6" type="stmt"/>
      </file>
      <file name="InputFields.jsx" path="C:\Users\Deepthi\Desktop\movie-rating-app\src\components\InputFields\InputFields.jsx">
        <metrics statements="19" coveredstatements="19" conditionals="14" coveredconditionals="14" methods="6" coveredmethods="6"/>
        <line num="7" count="2" type="stmt"/>
        <line num="8" count="24" type="stmt"/>
        <line num="9" count="24" type="stmt"/>
        <line num="10" count="24" type="stmt"/>
        <line num="11" count="24" type="stmt"/>
        <line num="13" count="24" type="stmt"/>
        <line num="14" count="7" type="cond" truecount="2" falsecount="0"/>
        <line num="15" count="4" type="stmt"/>
        <line num="19" count="4" type="stmt"/>
        <line num="21" count="24" type="stmt"/>
        <line num="22" count="7" type="stmt"/>
        <line num="23" count="7" type="cond" truecount="2" falsecount="0"/>
        <line num="24" count="7" type="cond" truecount="2" falsecount="0"/>
        <line num="26" count="7" type="stmt"/>
        <line num="27" count="7" type="cond" truecount="2" falsecount="0"/>
        <line num="30" count="24" type="stmt"/>
        <line num="40" count="5" type="stmt"/>
        <line num="50" count="5" type="stmt"/>
        <line num="75" count="13" type="stmt"/>
      </file>
    </package>
  </project>
</coverage>
