{"C:\\Users\\Deepthi\\Desktop\\movie-rating-app\\src\\App.jsx": {"path":"C:\\Users\\Deepthi\\Desktop\\movie-rating-app\\src\\App.jsx","statementMap":{"0":{"start":{"line":7,"column":2},"end":{"line":12,"column":4}}},"fnMap":{"0":{"name":"App","decl":{"start":{"line":6,"column":9},"end":{"line":6,"column":12}},"loc":{"start":{"line":6,"column":15},"end":{"line":13,"column":1}},"line":6}},"branchMap":{},"s":{"0":1},"f":{"0":1},"b":{},"_coverageSchema":"1a1c01bbd47fc00a2c39e90264f33305004495a9","hash":"2a2e20a8f93d49e2b975ee2ef57e0e4589092758"}
,"C:\\Users\\Deepthi\\Desktop\\movie-rating-app\\src\\components\\InputFields\\InlineErrors.jsx": {"path":"C:\\Users\\Deepthi\\Desktop\\movie-rating-app\\src\\components\\InputFields\\InlineErrors.jsx","statementMap":{"0":{"start":{"line":3,"column":21},"end":{"line":5,"column":1}},"1":{"start":{"line":4,"column":2},"end":{"line":4,"column":50}}},"fnMap":{"0":{"name":"(anonymous_0)","decl":{"start":{"line":3,"column":21},"end":{"line":3,"column":22}},"loc":{"start":{"line":4,"column":2},"end":{"line":4,"column":50}},"line":4}},"branchMap":{},"s":{"0":2,"1":4},"f":{"0":4},"b":{},"_coverageSchema":"1a1c01bbd47fc00a2c39e90264f33305004495a9","hash":"bc2625952c1b17ce490aef03af97ab551ae16e11"}
,"C:\\Users\\Deepthi\\Desktop\\movie-rating-app\\src\\components\\InputFields\\InputFields.jsx": {"path":"C:\\Users\\Deepthi\\Desktop\\movie-rating-app\\src\\components\\InputFields\\InputFields.jsx","statementMap":{"0":{"start":{"line":7,"column":20},"end":{"line":91,"column":1}},"1":{"start":{"line":8,"column":36},"end":{"line":8,"column":48}},"2":{"start":{"line":9,"column":40},"end":{"line":9,"column":52}},"3":{"start":{"line":10,"column":36},"end":{"line":10,"column":48}},"4":{"start":{"line":11,"column":34},"end":{"line":11,"column":46}},"5":{"start":{"line":13,"column":24},"end":{"line":20,"column":3}},"6":{"start":{"line":14,"column":4},"end":{"line":14,"column":27}},"7":{"start":{"line":14,"column":20},"end":{"line":14,"column":27}},"8":{"start":{"line":15,"column":27},"end":{"line":18,"column":6}},"9":{"start":{"line":19,"column":4},"end":{"line":19,"column":40}},"10":{"start":{"line":21,"column":18},"end":{"line":28,"column":3}},"11":{"start":{"line":22,"column":19},"end":{"line":22,"column":21}},"12":{"start":{"line":23,"column":4},"end":{"line":23,"column":67}},"13":{"start":{"line":23,"column":20},"end":{"line":23,"column":67}},"14":{"start":{"line":24,"column":4},"end":{"line":24,"column":73}},"15":{"start":{"line":24,"column":22},"end":{"line":24,"column":73}},"16":{"start":{"line":26,"column":4},"end":{"line":26,"column":24}},"17":{"start":{"line":27,"column":4},"end":{"line":27,"column":52}},"18":{"start":{"line":30,"column":2},"end":{"line":90,"column":4}},"19":{"start":{"line":40,"column":29},"end":{"line":40,"column":57}},"20":{"start":{"line":50,"column":29},"end":{"line":50,"column":59}},"21":{"start":{"line":75,"column":16},"end":{"line":81,"column":18}}},"fnMap":{"0":{"name":"(anonymous_0)","decl":{"start":{"line":7,"column":20},"end":{"line":7,"column":21}},"loc":{"start":{"line":7,"column":26},"end":{"line":91,"column":1}},"line":7},"1":{"name":"(anonymous_1)","decl":{"start":{"line":13,"column":24},"end":{"line":13,"column":25}},"loc":{"start":{"line":13,"column":30},"end":{"line":20,"column":3}},"line":13},"2":{"name":"(anonymous_2)","decl":{"start":{"line":21,"column":18},"end":{"line":21,"column":19}},"loc":{"start":{"line":21,"column":24},"end":{"line":28,"column":3}},"line":21},"3":{"name":"(anonymous_3)","decl":{"start":{"line":40,"column":22},"end":{"line":40,"column":23}},"loc":{"start":{"line":40,"column":29},"end":{"line":40,"column":57}},"line":40},"4":{"name":"(anonymous_4)","decl":{"start":{"line":50,"column":22},"end":{"line":50,"column":23}},"loc":{"start":{"line":50,"column":29},"end":{"line":50,"column":59}},"line":50},"5":{"name":"(anonymous_5)","decl":{"start":{"line":74,"column":29},"end":{"line":74,"column":30}},"loc":{"start":{"line":74,"column":43},"end":{"line":82,"column":15}},"line":74}},"branchMap":{"0":{"loc":{"start":{"line":14,"column":4},"end":{"line":14,"column":27}},"type":"if","locations":[{"start":{"line":14,"column":4},"end":{"line":14,"column":27}},{"start":{"line":14,"column":4},"end":{"line":14,"column":27}}],"line":14},"1":{"loc":{"start":{"line":23,"column":4},"end":{"line":23,"column":67}},"type":"if","locations":[{"start":{"line":23,"column":4},"end":{"line":23,"column":67}},{"start":{"line":23,"column":4},"end":{"line":23,"column":67}}],"line":23},"2":{"loc":{"start":{"line":24,"column":4},"end":{"line":24,"column":73}},"type":"if","locations":[{"start":{"line":24,"column":4},"end":{"line":24,"column":73}},{"start":{"line":24,"column":4},"end":{"line":24,"column":73}}],"line":24},"3":{"loc":{"start":{"line":27,"column":11},"end":{"line":27,"column":51}},"type":"binary-expr","locations":[{"start":{"line":27,"column":11},"end":{"line":27,"column":28}},{"start":{"line":27,"column":32},"end":{"line":27,"column":51}}],"line":27},"4":{"loc":{"start":{"line":42,"column":11},"end":{"line":42,"column":75}},"type":"binary-expr","locations":[{"start":{"line":42,"column":11},"end":{"line":42,"column":29}},{"start":{"line":42,"column":33},"end":{"line":42,"column":75}}],"line":42},"5":{"loc":{"start":{"line":55,"column":11},"end":{"line":55,"column":79}},"type":"binary-expr","locations":[{"start":{"line":55,"column":11},"end":{"line":55,"column":31}},{"start":{"line":55,"column":35},"end":{"line":55,"column":79}}],"line":55},"6":{"loc":{"start":{"line":66,"column":9},"end":{"line":87,"column":9}},"type":"cond-expr","locations":[{"start":{"line":67,"column":10},"end":{"line":84,"column":18}},{"start":{"line":86,"column":10},"end":{"line":86,"column":79}}],"line":66}},"s":{"0":2,"1":12,"2":12,"3":12,"4":12,"5":12,"6":3,"7":2,"8":1,"9":1,"10":12,"11":3,"12":3,"13":2,"14":3,"15":2,"16":3,"17":3,"18":12,"19":1,"20":1,"21":1},"f":{"0":12,"1":3,"2":3,"3":1,"4":1,"5":1},"b":{"0":[2,1],"1":[2,1],"2":[2,1],"3":[3,1],"4":[12,2],"5":[12,2],"6":[1,11]},"_coverageSchema":"1a1c01bbd47fc00a2c39e90264f33305004495a9","hash":"9184abd7c6d677ed7f93ecd7e319080c702f018e"}
}
