{"C:\\Users\\Deepthi\\Desktop\\movie-rating-app\\src\\App.jsx": {"path":"C:\\Users\\Deepthi\\Desktop\\movie-rating-app\\src\\App.jsx","statementMap":{"0":{"start":{"line":7,"column":2},"end":{"line":12,"column":4}}},"fnMap":{"0":{"name":"App","decl":{"start":{"line":6,"column":9},"end":{"line":6,"column":12}},"loc":{"start":{"line":6,"column":15},"end":{"line":13,"column":1}},"line":6}},"branchMap":{},"s":{"0":2},"f":{"0":2},"b":{},"_coverageSchema":"1a1c01bbd47fc00a2c39e90264f33305004495a9","hash":"2a2e20a8f93d49e2b975ee2ef57e0e4589092758"}
,"C:\\Users\\Deepthi\\Desktop\\movie-rating-app\\src\\components\\InputFields\\InputFields.jsx": {"path":"C:\\Users\\Deepthi\\Desktop\\movie-rating-app\\src\\components\\InputFields\\InputFields.jsx","statementMap":{"0":{"start":{"line":6,"column":20},"end":{"line":73,"column":1}},"1":{"start":{"line":7,"column":36},"end":{"line":7,"column":48}},"2":{"start":{"line":8,"column":40},"end":{"line":8,"column":52}},"3":{"start":{"line":9,"column":36},"end":{"line":9,"column":48}},"4":{"start":{"line":11,"column":24},"end":{"line":17,"column":3}},"5":{"start":{"line":12,"column":27},"end":{"line":15,"column":6}},"6":{"start":{"line":16,"column":4},"end":{"line":16,"column":33}},"7":{"start":{"line":19,"column":2},"end":{"line":72,"column":4}},"8":{"start":{"line":28,"column":29},"end":{"line":28,"column":57}},"9":{"start":{"line":37,"column":29},"end":{"line":37,"column":59}},"10":{"start":{"line":60,"column":14},"end":{"line":66,"column":16}}},"fnMap":{"0":{"name":"(anonymous_0)","decl":{"start":{"line":6,"column":20},"end":{"line":6,"column":21}},"loc":{"start":{"line":6,"column":26},"end":{"line":73,"column":1}},"line":6},"1":{"name":"(anonymous_1)","decl":{"start":{"line":11,"column":24},"end":{"line":11,"column":25}},"loc":{"start":{"line":11,"column":30},"end":{"line":17,"column":3}},"line":11},"2":{"name":"(anonymous_2)","decl":{"start":{"line":28,"column":22},"end":{"line":28,"column":23}},"loc":{"start":{"line":28,"column":29},"end":{"line":28,"column":57}},"line":28},"3":{"name":"(anonymous_3)","decl":{"start":{"line":37,"column":22},"end":{"line":37,"column":23}},"loc":{"start":{"line":37,"column":29},"end":{"line":37,"column":59}},"line":37},"4":{"name":"(anonymous_4)","decl":{"start":{"line":59,"column":27},"end":{"line":59,"column":28}},"loc":{"start":{"line":59,"column":41},"end":{"line":67,"column":13}},"line":59}},"branchMap":{},"s":{"0":3,"1":8,"2":6,"3":6,"4":6,"5":1,"6":1,"7":6,"8":0,"9":0,"10":1},"f":{"0":8,"1":1,"2":0,"3":0,"4":1},"b":{},"_coverageSchema":"1a1c01bbd47fc00a2c39e90264f33305004495a9","hash":"cc68588b751431ef77882a589aea6dbb718e7f69"}
}
