TN:
SF:src\App.jsx
FN:6,App
FNF:1
FNH:1
FNDA:1,App
DA:7,1
LF:1
LH:1
BRF:0
BRH:0
end_of_record
TN:
SF:src\components\InputFields\InlineErrors.jsx
FN:3,(anonymous_0)
FNF:1
FNH:1
FNDA:6,(anonymous_0)
DA:3,2
DA:4,6
LF:2
LH:2
BRF:0
BRH:0
end_of_record
TN:
SF:src\components\InputFields\InputFields.jsx
FN:7,(anonymous_0)
FN:13,(anonymous_1)
FN:21,(anonymous_2)
FN:40,(anonymous_3)
FN:50,(anonymous_4)
FN:74,(anonymous_5)
FNF:6
FNH:6
FNDA:24,(anonymous_0)
FNDA:7,(anonymous_1)
FNDA:7,(anonymous_2)
FNDA:5,(anonymous_3)
FNDA:5,(anonymous_4)
FNDA:13,(anonymous_5)
DA:7,2
DA:8,24
DA:9,24
DA:10,24
DA:11,24
DA:13,24
DA:14,7
DA:15,4
DA:19,4
DA:21,24
DA:22,7
DA:23,7
DA:24,7
DA:26,7
DA:27,7
DA:30,24
DA:40,5
DA:50,5
DA:75,13
LF:19
LH:19
BRDA:14,0,0,3
BRDA:14,0,1,4
BRDA:23,1,0,3
BRDA:23,1,1,4
BRDA:24,2,0,3
BRDA:24,2,1,4
BRDA:27,3,0,7
BRDA:27,3,1,4
BRDA:42,4,0,24
BRDA:42,4,1,3
BRDA:55,5,0,24
BRDA:55,5,1,3
BRDA:66,6,0,8
BRDA:66,6,1,16
BRF:14
BRH:14
end_of_record
