TN:
SF:src\App.jsx
FN:6,App
FNF:1
FNH:1
FNDA:1,App
DA:7,1
LF:1
LH:1
BRF:0
BRH:0
end_of_record
TN:
SF:src\components\InputFields\InlineErrors.jsx
FN:3,(anonymous_0)
FNF:1
FNH:1
FNDA:4,(anonymous_0)
DA:3,2
DA:4,4
LF:2
LH:2
BRF:0
BRH:0
end_of_record
TN:
SF:src\components\InputFields\InputFields.jsx
FN:7,(anonymous_0)
FN:13,(anonymous_1)
FN:21,(anonymous_2)
FN:40,(anonymous_3)
FN:50,(anonymous_4)
FN:74,(anonymous_5)
FNF:6
FNH:6
FNDA:12,(anonymous_0)
FNDA:3,(anonymous_1)
FNDA:3,(anonymous_2)
FNDA:1,(anonymous_3)
FNDA:1,(anonymous_4)
FNDA:1,(anonymous_5)
DA:7,2
DA:8,12
DA:9,12
DA:10,12
DA:11,12
DA:13,12
DA:14,3
DA:15,1
DA:19,1
DA:21,12
DA:22,3
DA:23,3
DA:24,3
DA:26,3
DA:27,3
DA:30,12
DA:40,1
DA:50,1
DA:75,1
LF:19
LH:19
BRDA:14,0,0,2
BRDA:14,0,1,1
BRDA:23,1,0,2
BRDA:23,1,1,1
BRDA:24,2,0,2
BRDA:24,2,1,1
BRDA:27,3,0,3
BRDA:27,3,1,1
BRDA:42,4,0,12
BRDA:42,4,1,2
BRDA:55,5,0,12
BRDA:55,5,1,2
BRDA:66,6,0,1
BRDA:66,6,1,11
BRF:14
BRH:14
end_of_record
